[debug] [2025-09-17T17:26:04.703Z] ----------------------------------------------------------------------
[debug] [2025-09-17T17:26:04.706Z] Command:       /home/deppi/.nvm/versions/node/v22.19.0/bin/node /home/deppi/.nvm/versions/node/v22.19.0/bin/firebase deploy --only functions
[debug] [2025-09-17T17:26:04.706Z] CLI Version:   14.16.0
[debug] [2025-09-17T17:26:04.706Z] Platform:      linux
[debug] [2025-09-17T17:26:04.706Z] Node Version:  v22.19.0
[debug] [2025-09-17T17:26:04.707Z] Time:          Wed Sep 17 2025 14:26:04 GMT-0300 (Horário Padrão de Brasília)
[debug] [2025-09-17T17:26:04.707Z] ----------------------------------------------------------------------
[debug] 
[debug] [2025-09-17T17:26:04.709Z] >>> [apiv2][query] GET https://firebase-public.firebaseio.com/cli.json [none]
[debug] [2025-09-17T17:26:05.023Z] > command requires scopes: ["email","openid","https://www.googleapis.com/auth/cloudplatformprojects.readonly","https://www.googleapis.com/auth/firebase","https://www.googleapis.com/auth/cloud-platform"]
[debug] [2025-09-17T17:26:05.024Z] > authorizing via signed-in user (cicerosilva.ifce@gmail.com)
[debug] [2025-09-17T17:26:05.024Z] [iam] checking project academia-app-5cf79 for permissions ["cloudfunctions.functions.create","cloudfunctions.functions.delete","cloudfunctions.functions.get","cloudfunctions.functions.list","cloudfunctions.functions.update","cloudfunctions.operations.get","firebase.projects.get"]
[debug] [2025-09-17T17:26:05.024Z] Checked if tokens are valid: false, expires at: 1758124508989
[debug] [2025-09-17T17:26:05.024Z] Checked if tokens are valid: false, expires at: 1758124508989
[debug] [2025-09-17T17:26:05.024Z] > refreshing access token with scopes: []
[debug] [2025-09-17T17:26:05.025Z] >>> [apiv2][query] POST https://www.googleapis.com/oauth2/v3/token [none]
[debug] [2025-09-17T17:26:05.025Z] >>> [apiv2][body] POST https://www.googleapis.com/oauth2/v3/token [omitted]
[debug] [2025-09-17T17:26:05.439Z] <<< [apiv2][status] POST https://www.googleapis.com/oauth2/v3/token 200
[debug] [2025-09-17T17:26:05.440Z] <<< [apiv2][body] POST https://www.googleapis.com/oauth2/v3/token [omitted]
[debug] [2025-09-17T17:26:05.454Z] >>> [apiv2][query] POST https://cloudresourcemanager.googleapis.com/v1/projects/academia-app-5cf79:testIamPermissions [none]
[debug] [2025-09-17T17:26:05.454Z] >>> [apiv2][(partial)header] POST https://cloudresourcemanager.googleapis.com/v1/projects/academia-app-5cf79:testIamPermissions x-goog-quota-user=projects/academia-app-5cf79
[debug] [2025-09-17T17:26:05.454Z] >>> [apiv2][body] POST https://cloudresourcemanager.googleapis.com/v1/projects/academia-app-5cf79:testIamPermissions {"permissions":["cloudfunctions.functions.create","cloudfunctions.functions.delete","cloudfunctions.functions.get","cloudfunctions.functions.list","cloudfunctions.functions.update","cloudfunctions.operations.get","firebase.projects.get"]}
[debug] [2025-09-17T17:26:05.459Z] <<< [apiv2][status] GET https://firebase-public.firebaseio.com/cli.json 200
[debug] [2025-09-17T17:26:05.460Z] <<< [apiv2][body] GET https://firebase-public.firebaseio.com/cli.json {"cloudBuildErrorAfter":1594252800000,"cloudBuildWarnAfter":1590019200000,"defaultNode10After":1594252800000,"minVersion":"3.0.5","node8DeploysDisabledAfter":1613390400000,"node8RuntimeDisabledAfter":1615809600000,"node8WarnAfter":1600128000000}
[debug] [2025-09-17T17:26:06.512Z] <<< [apiv2][status] POST https://cloudresourcemanager.googleapis.com/v1/projects/academia-app-5cf79:testIamPermissions 200
[debug] [2025-09-17T17:26:06.512Z] <<< [apiv2][body] POST https://cloudresourcemanager.googleapis.com/v1/projects/academia-app-5cf79:testIamPermissions {"permissions":["cloudfunctions.functions.create","cloudfunctions.functions.delete","cloudfunctions.functions.get","cloudfunctions.functions.list","cloudfunctions.functions.update","cloudfunctions.operations.get","firebase.projects.get"]}
[debug] [2025-09-17T17:26:06.513Z] Checked if tokens are valid: true, expires at: 1758133564440
[debug] [2025-09-17T17:26:06.513Z] Checked if tokens are valid: true, expires at: 1758133564440
[debug] [2025-09-17T17:26:06.513Z] >>> [apiv2][query] POST https://iam.googleapis.com/v1/projects/academia-app-5cf79/serviceAccounts/academia-app-5cf79@appspot.gserviceaccount.com:testIamPermissions [none]
[debug] [2025-09-17T17:26:06.513Z] >>> [apiv2][body] POST https://iam.googleapis.com/v1/projects/academia-app-5cf79/serviceAccounts/academia-app-5cf79@appspot.gserviceaccount.com:testIamPermissions {"permissions":["iam.serviceAccounts.actAs"]}
[debug] [2025-09-17T17:26:07.572Z] <<< [apiv2][status] POST https://iam.googleapis.com/v1/projects/academia-app-5cf79/serviceAccounts/academia-app-5cf79@appspot.gserviceaccount.com:testIamPermissions 200
[debug] [2025-09-17T17:26:07.572Z] <<< [apiv2][body] POST https://iam.googleapis.com/v1/projects/academia-app-5cf79/serviceAccounts/academia-app-5cf79@appspot.gserviceaccount.com:testIamPermissions {"permissions":["iam.serviceAccounts.actAs"]}
[info] 
[info] === Deploying to 'academia-app-5cf79'...
[info] 
[info] i  deploying functions 
[debug] [2025-09-17T17:26:07.574Z] Checked if tokens are valid: true, expires at: 1758133564440
[debug] [2025-09-17T17:26:07.574Z] Checked if tokens are valid: true, expires at: 1758133564440
[debug] [2025-09-17T17:26:07.574Z] >>> [apiv2][query] GET https://cloudresourcemanager.googleapis.com/v1/projects/academia-app-5cf79 [none]
[debug] [2025-09-17T17:26:07.824Z] <<< [apiv2][status] GET https://cloudresourcemanager.googleapis.com/v1/projects/academia-app-5cf79 200
[debug] [2025-09-17T17:26:07.824Z] <<< [apiv2][body] GET https://cloudresourcemanager.googleapis.com/v1/projects/academia-app-5cf79 {"projectNumber":"377489252583","projectId":"academia-app-5cf79","lifecycleState":"ACTIVE","name":"Academia-app","labels":{"firebase":"enabled","firebase-core":"disabled"},"createTime":"2025-08-30T17:12:20.881189Z"}
[info] i  functions: preparing codebase default for deployment 
[info] i  functions: ensuring required API cloudfunctions.googleapis.com is enabled... 
[info] i  functions: ensuring required API cloudbuild.googleapis.com is enabled... 
[info] i  artifactregistry: ensuring required API artifactregistry.googleapis.com is enabled... 
[debug] [2025-09-17T17:26:07.826Z] Checked if tokens are valid: true, expires at: 1758133564440
[debug] [2025-09-17T17:26:07.826Z] Checked if tokens are valid: true, expires at: 1758133564440
[debug] [2025-09-17T17:26:07.826Z] >>> [apiv2][query] GET https://firebase.googleapis.com/v1beta1/projects/academia-app-5cf79/adminSdkConfig [none]
[debug] [2025-09-17T17:26:08.459Z] <<< [apiv2][status] GET https://firebase.googleapis.com/v1beta1/projects/academia-app-5cf79/adminSdkConfig 200
[debug] [2025-09-17T17:26:08.459Z] <<< [apiv2][body] GET https://firebase.googleapis.com/v1beta1/projects/academia-app-5cf79/adminSdkConfig {"projectId":"academia-app-5cf79","storageBucket":"academia-app-5cf79.firebasestorage.app"}
[debug] [2025-09-17T17:26:08.460Z] Checked if tokens are valid: true, expires at: 1758133564440
[debug] [2025-09-17T17:26:08.460Z] Checked if tokens are valid: true, expires at: 1758133564440
[debug] [2025-09-17T17:26:08.460Z] >>> [apiv2][query] GET https://runtimeconfig.googleapis.com/v1beta1/projects/academia-app-5cf79/configs [none]
[debug] [2025-09-17T17:26:09.770Z] <<< [apiv2][status] GET https://runtimeconfig.googleapis.com/v1beta1/projects/academia-app-5cf79/configs 200
[debug] [2025-09-17T17:26:09.770Z] <<< [apiv2][body] GET https://runtimeconfig.googleapis.com/v1beta1/projects/academia-app-5cf79/configs {}
[debug] [2025-09-17T17:26:09.771Z] Validating nodejs source
[warn] ⚠  functions: Runtime Node.js 18 was deprecated on 2025-04-30 and will be decommissioned on 2025-10-30, after which you will not be able to deploy without upgrading. Consider upgrading now to avoid disruption. See https://cloud.google.com/functions/docs/runtime-support for full details on the lifecycle policy 
[warn] ⚠  functions: package.json indicates an outdated version of firebase-functions. Please upgrade using npm install --save firebase-functions@latest in your functions directory. 
[warn] ⚠  functions: Please note that there will be breaking changes when you upgrade. 
[debug] [2025-09-17T17:26:10.347Z] > [functions] package.json contents: {
  "name": "functions",
  "description": "Cloud Functions for Firebase",
  "scripts": {
    "serve": "firebase emulators:start --only functions",
    "shell": "firebase functions:shell",
    "start": "npm run shell",
    "deploy": "firebase deploy --only functions",
    "logs": "firebase functions:log"
  },
  "engines": {
    "node": "18"
  },
  "main": "index.js",
  "dependencies": {
    "firebase-admin": "^11.8.0",
    "firebase-functions": "^4.3.1"
  },
  "devDependencies": {
    "firebase-functions-test": "^3.1.0"
  },
  "private": true
}
[debug] [2025-09-17T17:26:10.347Z] Building nodejs source
[info] i  functions: Loading and analyzing source code for codebase default to determine what to deploy 
[info] i  functions: You are using a version of firebase-functions SDK (4.9.0) that does not have support for the newest Firebase Extensions features. Please update firebase-functions SDK to >=5.1.0 to use them correctly 
[debug] [2025-09-17T17:26:10.349Z] Could not find functions.yaml. Must use http discovery
[debug] [2025-09-17T17:26:10.354Z] Found firebase-functions binary at '/home/deppi/academia-app/functions/node_modules/.bin/firebase-functions'
[info] Serving at port 8448

[debug] [2025-09-17T17:26:10.841Z] Got response from /__/functions.yaml {"endpoints":{"setUserClaims":{"platform":"gcfv1","availableMemoryMb":null,"timeoutSeconds":null,"minInstances":null,"maxInstances":null,"ingressSettings":null,"serviceAccountEmail":null,"vpc":null,"eventTrigger":{"eventType":"providers/cloud.firestore/eventTypes/document.write","eventFilters":{"resource":"projects/academia-app-5cf79/databases/(default)/documents/users/{userId}"},"retry":false},"labels":{},"entryPoint":"setUserClaims"},"createAcademy":{"platform":"gcfv1","labels":{},"availableMemoryMb":null,"timeoutSeconds":null,"minInstances":null,"maxInstances":null,"ingressSettings":null,"serviceAccountEmail":null,"vpc":null,"callableTrigger":{},"entryPoint":"createAcademy"},"generateInvite":{"platform":"gcfv1","labels":{},"availableMemoryMb":null,"timeoutSeconds":null,"minInstances":null,"maxInstances":null,"ingressSettings":null,"serviceAccountEmail":null,"vpc":null,"callableTrigger":{},"entryPoint":"generateInvite"},"useInvite":{"platform":"gcfv1","labels":{},"availableMemoryMb":null,"timeoutSeconds":null,"minInstances":null,"maxInstances":null,"ingressSettings":null,"serviceAccountEmail":null,"vpc":null,"callableTrigger":{},"entryPoint":"useInvite"},"migrateExistingUsers":{"platform":"gcfv1","labels":{},"availableMemoryMb":null,"timeoutSeconds":null,"minInstances":null,"maxInstances":null,"ingressSettings":null,"serviceAccountEmail":null,"vpc":null,"callableTrigger":{},"entryPoint":"migrateExistingUsers"}},"specVersion":"v1alpha1","requiredAPIs":[]}
[info] i  functions: preparing functions directory for uploading... 
[info] i  functions: packaged /home/deppi/academia-app/functions (73.42 KB) for uploading 
[debug] [2025-09-17T17:26:14.899Z] Checked if tokens are valid: true, expires at: 1758133564440
[debug] [2025-09-17T17:26:14.899Z] Checked if tokens are valid: true, expires at: 1758133564440
[debug] [2025-09-17T17:26:14.900Z] >>> [apiv2][query] GET https://cloudfunctions.googleapis.com/v1/projects/academia-app-5cf79/locations/-/functions [none]
[debug] [2025-09-17T17:26:16.228Z] <<< [apiv2][status] GET https://cloudfunctions.googleapis.com/v1/projects/academia-app-5cf79/locations/-/functions 200
[debug] [2025-09-17T17:26:16.229Z] <<< [apiv2][body] GET https://cloudfunctions.googleapis.com/v1/projects/academia-app-5cf79/locations/-/functions {"functions":[{"name":"projects/academia-app-5cf79/locations/us-central1/functions/setUserClaims","eventTrigger":{"eventType":"providers/cloud.firestore/eventTypes/document.write","resource":"projects/academia-app-5cf79/databases/(default)/documents/users/{userId}","service":"firestore.googleapis.com","failurePolicy":{}},"status":"ACTIVE","entryPoint":"setUserClaims","timeout":"60s","availableMemoryMb":256,"serviceAccountEmail":"academia-app-5cf79@appspot.gserviceaccount.com","updateTime":"2025-09-17T13:08:54.161Z","versionId":"3","labels":{"deployment-tool":"cli-firebase","firebase-functions-hash":"8a74e13143137a4f0aa0bbe989f4737775f11434"},"sourceUploadUrl":"https://storage.googleapis.com/uploads-315939727887.us-central1.cloudfunctions.appspot.com/2a9a1c0c-9e24-4307-8470-13765559c8bb.zip","environmentVariables":{"FIREBASE_CONFIG":"{\"projectId\":\"academia-app-5cf79\",\"storageBucket\":\"academia-app-5cf79.firebasestorage.app\"}","GCLOUD_PROJECT":"academia-app-5cf79","EVENTARC_CLOUD_EVENT_SOURCE":"projects/academia-app-5cf79/locations/us-central1/functions/setUserClaims"},"runtime":"nodejs18","maxInstances":3000,"ingressSettings":"ALLOW_ALL","buildId":"a682bc79-4e01-467f-849b-d8865815eb88","buildEnvironmentVariables":{"GOOGLE_NODE_RUN_SCRIPTS":""},"buildName":"projects/377489252583/locations/us-central1/builds/a682bc79-4e01-467f-849b-d8865815eb88","dockerRegistry":"ARTIFACT_REGISTRY","automaticUpdatePolicy":{},"buildServiceAccount":"projects/academia-app-5cf79/serviceAccounts/377489252583-compute@developer.gserviceaccount.com","satisfiesPzi":true},{"name":"projects/academia-app-5cf79/locations/us-central1/functions/migrateExistingUsers","httpsTrigger":{"url":"https://us-central1-academia-app-5cf79.cloudfunctions.net/migrateExistingUsers","securityLevel":"SECURE_ALWAYS"},"status":"ACTIVE","entryPoint":"migrateExistingUsers","timeout":"60s","availableMemoryMb":256,"serviceAccountEmail":"academia-app-5cf79@appspot.gserviceaccount.com","updateTime":"2025-09-17T13:08:52.288Z","versionId":"3","labels":{"deployment-tool":"cli-firebase","deployment-callable":"true","firebase-functions-hash":"8a74e13143137a4f0aa0bbe989f4737775f11434"},"sourceUploadUrl":"https://storage.googleapis.com/uploads-315939727887.us-central1.cloudfunctions.appspot.com/2a9a1c0c-9e24-4307-8470-13765559c8bb.zip","environmentVariables":{"FIREBASE_CONFIG":"{\"projectId\":\"academia-app-5cf79\",\"storageBucket\":\"academia-app-5cf79.firebasestorage.app\"}","GCLOUD_PROJECT":"academia-app-5cf79","EVENTARC_CLOUD_EVENT_SOURCE":"projects/academia-app-5cf79/locations/us-central1/functions/migrateExistingUsers"},"runtime":"nodejs18","ingressSettings":"ALLOW_ALL","buildId":"a682bc79-4e01-467f-849b-d8865815eb88","buildEnvironmentVariables":{"GOOGLE_NODE_RUN_SCRIPTS":""},"buildName":"projects/377489252583/locations/us-central1/builds/a682bc79-4e01-467f-849b-d8865815eb88","dockerRegistry":"ARTIFACT_REGISTRY","automaticUpdatePolicy":{},"buildServiceAccount":"projects/academia-app-5cf79/serviceAccounts/377489252583-compute@developer.gserviceaccount.com","satisfiesPzi":true},{"name":"projects/academia-app-5cf79/locations/us-central1/functions/generateInvite","httpsTrigger":{"url":"https://us-central1-academia-app-5cf79.cloudfunctions.net/generateInvite","securityLevel":"SECURE_ALWAYS"},"status":"ACTIVE","entryPoint":"generateInvite","timeout":"60s","availableMemoryMb":256,"serviceAccountEmail":"academia-app-5cf79@appspot.gserviceaccount.com","updateTime":"2025-09-17T13:08:57.982Z","versionId":"2","labels":{"firebase-functions-hash":"8a74e13143137a4f0aa0bbe989f4737775f11434","deployment-tool":"cli-firebase","deployment-callable":"true"},"sourceUploadUrl":"https://storage.googleapis.com/uploads-315939727887.us-central1.cloudfunctions.appspot.com/2a9a1c0c-9e24-4307-8470-13765559c8bb.zip","environmentVariables":{"FIREBASE_CONFIG":"{\"projectId\":\"academia-app-5cf79\",\"storageBucket\":\"academia-app-5cf79.firebasestorage.app\"}","GCLOUD_PROJECT":"academia-app-5cf79","EVENTARC_CLOUD_EVENT_SOURCE":"projects/academia-app-5cf79/locations/us-central1/functions/generateInvite"},"runtime":"nodejs18","ingressSettings":"ALLOW_ALL","buildId":"a682bc79-4e01-467f-849b-d8865815eb88","buildEnvironmentVariables":{"GOOGLE_NODE_RUN_SCRIPTS":""},"buildName":"projects/377489252583/locations/us-central1/builds/a682bc79-4e01-467f-849b-d8865815eb88","dockerRegistry":"ARTIFACT_REGISTRY","automaticUpdatePolicy":{},"buildServiceAccount":"projects/academia-app-5cf79/serviceAccounts/377489252583-compute@developer.gserviceaccount.com","satisfiesPzi":true},{"name":"projects/academia-app-5cf79/locations/us-central1/functions/fixUserClaims","httpsTrigger":{"url":"https://us-central1-academia-app-5cf79.cloudfunctions.net/fixUserClaims","securityLevel":"SECURE_ALWAYS"},"status":"ACTIVE","entryPoint":"fixUserClaims","timeout":"60s","availableMemoryMb":256,"serviceAccountEmail":"academia-app-5cf79@appspot.gserviceaccount.com","updateTime":"2025-09-17T13:08:47.692720045Z","versionId":"1","labels":{"deployment-callable":"true","firebase-functions-hash":"8a74e13143137a4f0aa0bbe989f4737775f11434","deployment-tool":"cli-firebase"},"sourceUploadUrl":"https://storage.googleapis.com/uploads-315939727887.us-central1.cloudfunctions.appspot.com/2a9a1c0c-9e24-4307-8470-13765559c8bb.zip","environmentVariables":{"FIREBASE_CONFIG":"{\"projectId\":\"academia-app-5cf79\",\"storageBucket\":\"academia-app-5cf79.firebasestorage.app\"}","GCLOUD_PROJECT":"academia-app-5cf79","EVENTARC_CLOUD_EVENT_SOURCE":"projects/academia-app-5cf79/locations/us-central1/functions/fixUserClaims"},"runtime":"nodejs18","ingressSettings":"ALLOW_ALL","buildId":"a682bc79-4e01-467f-849b-d8865815eb88","buildEnvironmentVariables":{"GOOGLE_NODE_RUN_SCRIPTS":""},"buildName":"projects/377489252583/locations/us-central1/builds/a682bc79-4e01-467f-849b-d8865815eb88","dockerRegistry":"ARTIFACT_REGISTRY","automaticUpdatePolicy":{},"buildServiceAccount":"projects/academia-app-5cf79/serviceAccounts/377489252583-compute@developer.gserviceaccount.com","satisfiesPzi":true},{"name":"projects/academia-app-5cf79/locations/us-central1/functions/useInvite","httpsTrigger":{"url":"https://us-central1-academia-app-5cf79.cloudfunctions.net/useInvite","securityLevel":"SECURE_ALWAYS"},"status":"ACTIVE","entryPoint":"useInvite","timeout":"60s","availableMemoryMb":256,"serviceAccountEmail":"academia-app-5cf79@appspot.gserviceaccount.com","updateTime":"2025-09-17T13:09:08.277Z","versionId":"2","labels":{"deployment-tool":"cli-firebase","deployment-callable":"true","firebase-functions-hash":"8a74e13143137a4f0aa0bbe989f4737775f11434"},"sourceUploadUrl":"https://storage.googleapis.com/uploads-315939727887.us-central1.cloudfunctions.appspot.com/2a9a1c0c-9e24-4307-8470-13765559c8bb.zip","environmentVariables":{"FIREBASE_CONFIG":"{\"projectId\":\"academia-app-5cf79\",\"storageBucket\":\"academia-app-5cf79.firebasestorage.app\"}","GCLOUD_PROJECT":"academia-app-5cf79","EVENTARC_CLOUD_EVENT_SOURCE":"projects/academia-app-5cf79/locations/us-central1/functions/useInvite"},"runtime":"nodejs18","ingressSettings":"ALLOW_ALL","buildId":"a682bc79-4e01-467f-849b-d8865815eb88","buildEnvironmentVariables":{"GOOGLE_NODE_RUN_SCRIPTS":""},"buildName":"projects/377489252583/locations/us-central1/builds/a682bc79-4e01-467f-849b-d8865815eb88","dockerRegistry":"ARTIFACT_REGISTRY","automaticUpdatePolicy":{},"buildServiceAccount":"projects/academia-app-5cf79/serviceAccounts/377489252583-compute@developer.gserviceaccount.com","satisfiesPzi":true},{"name":"projects/academia-app-5cf79/locations/us-central1/functions/createAcademy","httpsTrigger":{"url":"https://us-central1-academia-app-5cf79.cloudfunctions.net/createAcademy","securityLevel":"SECURE_ALWAYS"},"status":"ACTIVE","entryPoint":"createAcademy","timeout":"60s","availableMemoryMb":256,"serviceAccountEmail":"academia-app-5cf79@appspot.gserviceaccount.com","updateTime":"2025-09-17T13:09:05.846Z","versionId":"2","labels":{"deployment-tool":"cli-firebase","deployment-callable":"true","firebase-functions-hash":"8a74e13143137a4f0aa0bbe989f4737775f11434"},"sourceUploadUrl":"https://storage.googleapis.com/uploads-315939727887.us-central1.cloudfunctions.appspot.com/2a9a1c0c-9e24-4307-8470-13765559c8bb.zip","environmentVariables":{"FIREBASE_CONFIG":"{\"projectId\":\"academia-app-5cf79\",\"storageBucket\":\"academia-app-5cf79.firebasestorage.app\"}","GCLOUD_PROJECT":"academia-app-5cf79","EVENTARC_CLOUD_EVENT_SOURCE":"projects/academia-app-5cf79/locations/us-central1/functions/createAcademy"},"runtime":"nodejs18","ingressSettings":"ALLOW_ALL","buildId":"a682bc79-4e01-467f-849b-d8865815eb88","buildEnvironmentVariables":{"GOOGLE_NODE_RUN_SCRIPTS":""},"buildName":"projects/377489252583/locations/us-central1/builds/a682bc79-4e01-467f-849b-d8865815eb88","dockerRegistry":"ARTIFACT_REGISTRY","automaticUpdatePolicy":{},"buildServiceAccount":"projects/academia-app-5cf79/serviceAccounts/377489252583-compute@developer.gserviceaccount.com","satisfiesPzi":true}]}
[debug] [2025-09-17T17:26:16.230Z] Checked if tokens are valid: true, expires at: 1758133564440
[debug] [2025-09-17T17:26:16.230Z] Checked if tokens are valid: true, expires at: 1758133564440
[debug] [2025-09-17T17:26:16.230Z] >>> [apiv2][query] GET https://cloudfunctions.googleapis.com/v2/projects/academia-app-5cf79/locations/-/functions filter=environment%3D%22GEN_2%22
[debug] [2025-09-17T17:26:17.527Z] <<< [apiv2][status] GET https://cloudfunctions.googleapis.com/v2/projects/academia-app-5cf79/locations/-/functions 200
[debug] [2025-09-17T17:26:17.527Z] <<< [apiv2][body] GET https://cloudfunctions.googleapis.com/v2/projects/academia-app-5cf79/locations/-/functions {}
[debug] [2025-09-17T17:26:17.531Z] Checked if tokens are valid: true, expires at: 1758133564440
[debug] [2025-09-17T17:26:17.531Z] Checked if tokens are valid: true, expires at: 1758133564440
[debug] [2025-09-17T17:26:17.531Z] >>> [apiv2][query] GET https://cloudresourcemanager.googleapis.com/v1/projects/academia-app-5cf79 [none]
[debug] [2025-09-17T17:26:18.510Z] <<< [apiv2][status] GET https://cloudresourcemanager.googleapis.com/v1/projects/academia-app-5cf79 200
[debug] [2025-09-17T17:26:18.510Z] <<< [apiv2][body] GET https://cloudresourcemanager.googleapis.com/v1/projects/academia-app-5cf79 {"projectNumber":"377489252583","projectId":"academia-app-5cf79","lifecycleState":"ACTIVE","name":"Academia-app","labels":{"firebase":"enabled","firebase-core":"disabled"},"createTime":"2025-08-30T17:12:20.881189Z"}
[debug] [2025-09-17T17:26:18.512Z] Checked if tokens are valid: true, expires at: 1758133564440
[debug] [2025-09-17T17:26:18.512Z] Checked if tokens are valid: true, expires at: 1758133564440
[debug] [2025-09-17T17:26:18.512Z] >>> [apiv2][query] POST https://cloudfunctions.googleapis.com/v1/projects/academia-app-5cf79/locations/us-central1/functions:generateUploadUrl [none]
[debug] [2025-09-17T17:26:18.512Z] >>> [apiv2][body] POST https://cloudfunctions.googleapis.com/v1/projects/academia-app-5cf79/locations/us-central1/functions:generateUploadUrl {}
[debug] [2025-09-17T17:26:19.532Z] <<< [apiv2][status] POST https://cloudfunctions.googleapis.com/v1/projects/academia-app-5cf79/locations/us-central1/functions:generateUploadUrl 200
[debug] [2025-09-17T17:26:19.532Z] <<< [apiv2][body] POST https://cloudfunctions.googleapis.com/v1/projects/academia-app-5cf79/locations/us-central1/functions:generateUploadUrl {"uploadUrl":"https://storage.googleapis.com/uploads-315939727887.us-central1.cloudfunctions.appspot.com/605d910d-8163-4b71-a4ec-8c8736c71a27.zip?GoogleAccessId=service-377489252583@gcf-admin-robot.iam.gserviceaccount.com&Expires=1758131779&Signature=WzeDfZXxuV0QgowFvV4Yq%2BIxhLRZG%2B7Kk2oz4EJuaA5rHocOP4Zl5X7PB8ZaRgypXHsITKfxfmw3eZzxvfMoMAEfFTqzrMLjTDBqX4Za23HcuePBoOzOT9kgoatXkavaFmdOup4gDXzLCkmdfict3Mu11NZ7zW1dAexk0uhZapiE3DugpsrHv2D26eGZdBhcYBWRDqG6Ss7chrUUY%2BebXNsMVPsIUlcppjic0GSb4AsSeSbMUJL4MG5z2St2NUSk5%2FzMXbSrXhfDln352qtiFZz%2F7YBmL8o2qETaDD5iNyrsAbXalLOSWv71Tv7iTXvoC06a89KJLjcXAEt6yM7XHQ%3D%3D"}
[debug] [2025-09-17T17:26:19.533Z] >>> [apiv2][query] PUT https://storage.googleapis.com/uploads-315939727887.us-central1.cloudfunctions.appspot.com/605d910d-8163-4b71-a4ec-8c8736c71a27.zip GoogleAccessId=service-377489252583%40gcf-admin-robot.iam.gserviceaccount.com&Expires=1758131779&Signature=WzeDfZXxuV0QgowFvV4Yq%2BIxhLRZG%2B7Kk2oz4EJuaA5rHocOP4Zl5X7PB8ZaRgypXHsITKfxfmw3eZzxvfMoMAEfFTqzrMLjTDBqX4Za23HcuePBoOzOT9kgoatXkavaFmdOup4gDXzLCkmdfict3Mu11NZ7zW1dAexk0uhZapiE3DugpsrHv2D26eGZdBhcYBWRDqG6Ss7chrUUY%2BebXNsMVPsIUlcppjic0GSb4AsSeSbMUJL4MG5z2St2NUSk5%2FzMXbSrXhfDln352qtiFZz%2F7YBmL8o2qETaDD5iNyrsAbXalLOSWv71Tv7iTXvoC06a89KJLjcXAEt6yM7XHQ%3D%3D
[debug] [2025-09-17T17:26:19.533Z] >>> [apiv2][body] PUT https://storage.googleapis.com/uploads-315939727887.us-central1.cloudfunctions.appspot.com/605d910d-8163-4b71-a4ec-8c8736c71a27.zip [stream]
[debug] [2025-09-17T17:26:20.436Z] <<< [apiv2][status] PUT https://storage.googleapis.com/uploads-315939727887.us-central1.cloudfunctions.appspot.com/605d910d-8163-4b71-a4ec-8c8736c71a27.zip 200
[debug] [2025-09-17T17:26:20.436Z] <<< [apiv2][body] PUT https://storage.googleapis.com/uploads-315939727887.us-central1.cloudfunctions.appspot.com/605d910d-8163-4b71-a4ec-8c8736c71a27.zip [omitted]
[info] ✔  functions: functions source uploaded successfully 
[info] 
The following functions are found in your project but do not exist in your local source code:
	fixUserClaims(us-central1)

If you are renaming a function or changing its region, it is recommended that you create the new function first before deleting the old one to prevent event loss. For more info, visit https://firebase.google.com/docs/functions/manage-functions#modify

[info] i  functions: updating Node.js 18 (1st Gen) function setUserClaims(us-central1)... 
[info] i  functions: updating Node.js 18 (1st Gen) function createAcademy(us-central1)... 
[info] i  functions: updating Node.js 18 (1st Gen) function generateInvite(us-central1)... 
[info] i  functions: updating Node.js 18 (1st Gen) function useInvite(us-central1)... 
[info] i  functions: updating Node.js 18 (1st Gen) function migrateExistingUsers(us-central1)... 
[info] i  functions: deleting Node.js 18 (1st Gen) function fixUserClaims(us-central1)... 
[debug] [2025-09-17T17:26:30.637Z] Checked if tokens are valid: true, expires at: 1758133564440
[debug] [2025-09-17T17:26:30.637Z] Checked if tokens are valid: true, expires at: 1758133564440
[debug] [2025-09-17T17:26:30.637Z] Checked if tokens are valid: true, expires at: 1758133564440
[debug] [2025-09-17T17:26:30.637Z] Checked if tokens are valid: true, expires at: 1758133564440
[debug] [2025-09-17T17:26:30.638Z] >>> [apiv2][query] PATCH https://cloudfunctions.googleapis.com/v1/projects/academia-app-5cf79/locations/us-central1/functions/setUserClaims updateMask=name%2CsourceUploadUrl%2CentryPoint%2Cruntime%2CdockerRegistry%2Clabels%2CeventTrigger.eventType%2CeventTrigger.resource%2CeventTrigger.failurePolicy%2CminInstances%2CmaxInstances%2CingressSettings%2CenvironmentVariables%2CserviceAccountEmail%2CavailableMemoryMb%2Ctimeout%2CvpcConnector%2CvpcConnectorEgressSettings%2CsourceToken%2CbuildEnvironmentVariables
[debug] [2025-09-17T17:26:30.638Z] >>> [apiv2][body] PATCH https://cloudfunctions.googleapis.com/v1/projects/academia-app-5cf79/locations/us-central1/functions/setUserClaims {"name":"projects/academia-app-5cf79/locations/us-central1/functions/setUserClaims","sourceUploadUrl":"https://storage.googleapis.com/uploads-315939727887.us-central1.cloudfunctions.appspot.com/605d910d-8163-4b71-a4ec-8c8736c71a27.zip?GoogleAccessId=service-377489252583@gcf-admin-robot.iam.gserviceaccount.com&Expires=1758131779&Signature=WzeDfZXxuV0QgowFvV4Yq%2BIxhLRZG%2B7Kk2oz4EJuaA5rHocOP4Zl5X7PB8ZaRgypXHsITKfxfmw3eZzxvfMoMAEfFTqzrMLjTDBqX4Za23HcuePBoOzOT9kgoatXkavaFmdOup4gDXzLCkmdfict3Mu11NZ7zW1dAexk0uhZapiE3DugpsrHv2D26eGZdBhcYBWRDqG6Ss7chrUUY%2BebXNsMVPsIUlcppjic0GSb4AsSeSbMUJL4MG5z2St2NUSk5%2FzMXbSrXhfDln352qtiFZz%2F7YBmL8o2qETaDD5iNyrsAbXalLOSWv71Tv7iTXvoC06a89KJLjcXAEt6yM7XHQ%3D%3D","entryPoint":"setUserClaims","runtime":"nodejs18","dockerRegistry":"ARTIFACT_REGISTRY","labels":{"deployment-tool":"cli-firebase","firebase-functions-hash":"6669d6ebcda586b135756434c7c69fc0bf8ecb8a"},"eventTrigger":{"eventType":"providers/cloud.firestore/eventTypes/document.write","resource":"projects/academia-app-5cf79/databases/(default)/documents/users/{userId}"},"minInstances":null,"maxInstances":null,"ingressSettings":null,"environmentVariables":{"FIREBASE_CONFIG":"{\"projectId\":\"academia-app-5cf79\",\"storageBucket\":\"academia-app-5cf79.firebasestorage.app\"}","GCLOUD_PROJECT":"academia-app-5cf79","EVENTARC_CLOUD_EVENT_SOURCE":"projects/academia-app-5cf79/locations/us-central1/functions/setUserClaims"},"serviceAccountEmail":null,"availableMemoryMb":null,"timeout":null,"vpcConnector":null,"vpcConnectorEgressSettings":null,"buildEnvironmentVariables":{"GOOGLE_NODE_RUN_SCRIPTS":""}}
[debug] [2025-09-17T17:26:30.640Z] >>> [apiv2][query] DELETE https://cloudfunctions.googleapis.com/v1/projects/academia-app-5cf79/locations/us-central1/functions/fixUserClaims [none]
[debug] [2025-09-17T17:26:31.676Z] <<< [apiv2][status] DELETE https://cloudfunctions.googleapis.com/v1/projects/academia-app-5cf79/locations/us-central1/functions/fixUserClaims 200
[debug] [2025-09-17T17:26:31.676Z] <<< [apiv2][body] DELETE https://cloudfunctions.googleapis.com/v1/projects/academia-app-5cf79/locations/us-central1/functions/fixUserClaims {"name":"operations/cHJvamVjdHMvYWNhZGVtaWEtYXBwLTVjZjc5L2xvY2F0aW9ucy91cy1jZW50cmFsMS9vcGVyYXRpb25zL29wZXJhdGlvbi0xNzU4MTI5OTkxNDQ4LTYzZjAyODk5YmY3MWYtYTQ4MGY5NWItMzE4NDRiNWE","metadata":{"@type":"type.googleapis.com/google.cloud.functions.v1.OperationMetadataV1","target":"projects/academia-app-5cf79/locations/us-central1/functions/fixUserClaims","updateTime":"2025-09-17T17:26:31.505373341Z"}}
[debug] [2025-09-17T17:26:31.676Z] Checked if tokens are valid: true, expires at: 1758133564440
[debug] [2025-09-17T17:26:31.676Z] Checked if tokens are valid: true, expires at: 1758133564440
[debug] [2025-09-17T17:26:31.677Z] >>> [apiv2][query] GET https://cloudfunctions.googleapis.com/v1/operations/cHJvamVjdHMvYWNhZGVtaWEtYXBwLTVjZjc5L2xvY2F0aW9ucy91cy1jZW50cmFsMS9vcGVyYXRpb25zL29wZXJhdGlvbi0xNzU4MTI5OTkxNDQ4LTYzZjAyODk5YmY3MWYtYTQ4MGY5NWItMzE4NDRiNWE [none]
[debug] [2025-09-17T17:26:31.722Z] <<< [apiv2][status] PATCH https://cloudfunctions.googleapis.com/v1/projects/academia-app-5cf79/locations/us-central1/functions/setUserClaims 200
[debug] [2025-09-17T17:26:31.723Z] <<< [apiv2][body] PATCH https://cloudfunctions.googleapis.com/v1/projects/academia-app-5cf79/locations/us-central1/functions/setUserClaims {"name":"operations/YWNhZGVtaWEtYXBwLTVjZjc5L3VzLWNlbnRyYWwxL3NldFVzZXJDbGFpbXMvNDBEY2dUZmNlcVU","metadata":{"@type":"type.googleapis.com/google.cloud.functions.v1.OperationMetadataV1","target":"projects/academia-app-5cf79/locations/us-central1/functions/setUserClaims","type":"UPDATE_FUNCTION","request":{"@type":"type.googleapis.com/google.cloud.functions.v1.CloudFunction","name":"projects/academia-app-5cf79/locations/us-central1/functions/setUserClaims","eventTrigger":{"eventType":"providers/cloud.firestore/eventTypes/document.write","resource":"projects/academia-app-5cf79/databases/(default)/documents/users/{userId}","service":"firestore.googleapis.com"},"status":"ACTIVE","entryPoint":"setUserClaims","updateTime":"2025-09-17T13:08:54.161Z","versionId":"3","labels":{"deployment-tool":"cli-firebase","firebase-functions-hash":"6669d6ebcda586b135756434c7c69fc0bf8ecb8a"},"sourceUploadUrl":"https://storage.googleapis.com/uploads-315939727887.us-central1.cloudfunctions.appspot.com/605d910d-8163-4b71-a4ec-8c8736c71a27.zip?GoogleAccessId=service-377489252583@gcf-admin-robot.iam.gserviceaccount.com&Expires=1758131779&Signature=WzeDfZXxuV0QgowFvV4Yq%2BIxhLRZG%2B7Kk2oz4EJuaA5rHocOP4Zl5X7PB8ZaRgypXHsITKfxfmw3eZzxvfMoMAEfFTqzrMLjTDBqX4Za23HcuePBoOzOT9kgoatXkavaFmdOup4gDXzLCkmdfict3Mu11NZ7zW1dAexk0uhZapiE3DugpsrHv2D26eGZdBhcYBWRDqG6Ss7chrUUY%2BebXNsMVPsIUlcppjic0GSb4AsSeSbMUJL4MG5z2St2NUSk5%2FzMXbSrXhfDln352qtiFZz%2F7YBmL8o2qETaDD5iNyrsAbXalLOSWv71Tv7iTXvoC06a89KJLjcXAEt6yM7XHQ%3D%3D","environmentVariables":{"FIREBASE_CONFIG":"{\"projectId\":\"academia-app-5cf79\",\"storageBucket\":\"academia-app-5cf79.firebasestorage.app\"}","GCLOUD_PROJECT":"academia-app-5cf79","EVENTARC_CLOUD_EVENT_SOURCE":"projects/academia-app-5cf79/locations/us-central1/functions/setUserClaims"},"runtime":"nodejs18","buildId":"a682bc79-4e01-467f-849b-d8865815eb88","buildEnvironmentVariables":{"GOOGLE_NODE_RUN_SCRIPTS":""},"buildName":"projects/377489252583/locations/us-central1/builds/a682bc79-4e01-467f-849b-d8865815eb88","dockerRegistry":"ARTIFACT_REGISTRY","automaticUpdatePolicy":{},"buildServiceAccount":"projects/academia-app-5cf79/serviceAccounts/377489252583-compute@developer.gserviceaccount.com"},"versionId":"4","updateTime":"2025-09-17T17:26:31Z"}}
[debug] [2025-09-17T17:26:31.723Z] Checked if tokens are valid: true, expires at: 1758133564440
[debug] [2025-09-17T17:26:31.723Z] Checked if tokens are valid: true, expires at: 1758133564440
[debug] [2025-09-17T17:26:31.723Z] >>> [apiv2][query] GET https://cloudfunctions.googleapis.com/v1/operations/YWNhZGVtaWEtYXBwLTVjZjc5L3VzLWNlbnRyYWwxL3NldFVzZXJDbGFpbXMvNDBEY2dUZmNlcVU [none]
[debug] [2025-09-17T17:26:32.144Z] <<< [apiv2][status] GET https://cloudfunctions.googleapis.com/v1/operations/YWNhZGVtaWEtYXBwLTVjZjc5L3VzLWNlbnRyYWwxL3NldFVzZXJDbGFpbXMvNDBEY2dUZmNlcVU 200
[debug] [2025-09-17T17:26:32.144Z] <<< [apiv2][body] GET https://cloudfunctions.googleapis.com/v1/operations/YWNhZGVtaWEtYXBwLTVjZjc5L3VzLWNlbnRyYWwxL3NldFVzZXJDbGFpbXMvNDBEY2dUZmNlcVU {"name":"operations/YWNhZGVtaWEtYXBwLTVjZjc5L3VzLWNlbnRyYWwxL3NldFVzZXJDbGFpbXMvNDBEY2dUZmNlcVU","metadata":{"@type":"type.googleapis.com/google.cloud.functions.v1.OperationMetadataV1","target":"projects/academia-app-5cf79/locations/us-central1/functions/setUserClaims","type":"UPDATE_FUNCTION","request":{"@type":"type.googleapis.com/google.cloud.functions.v1.CloudFunction","name":"projects/academia-app-5cf79/locations/us-central1/functions/setUserClaims","eventTrigger":{"eventType":"providers/cloud.firestore/eventTypes/document.write","resource":"projects/academia-app-5cf79/databases/(default)/documents/users/{userId}","service":"firestore.googleapis.com"},"status":"ACTIVE","entryPoint":"setUserClaims","updateTime":"2025-09-17T13:08:54.161Z","versionId":"3","labels":{"deployment-tool":"cli-firebase","firebase-functions-hash":"6669d6ebcda586b135756434c7c69fc0bf8ecb8a"},"sourceUploadUrl":"https://storage.googleapis.com/uploads-315939727887.us-central1.cloudfunctions.appspot.com/605d910d-8163-4b71-a4ec-8c8736c71a27.zip?GoogleAccessId=service-377489252583@gcf-admin-robot.iam.gserviceaccount.com&Expires=1758131779&Signature=WzeDfZXxuV0QgowFvV4Yq%2BIxhLRZG%2B7Kk2oz4EJuaA5rHocOP4Zl5X7PB8ZaRgypXHsITKfxfmw3eZzxvfMoMAEfFTqzrMLjTDBqX4Za23HcuePBoOzOT9kgoatXkavaFmdOup4gDXzLCkmdfict3Mu11NZ7zW1dAexk0uhZapiE3DugpsrHv2D26eGZdBhcYBWRDqG6Ss7chrUUY%2BebXNsMVPsIUlcppjic0GSb4AsSeSbMUJL4MG5z2St2NUSk5%2FzMXbSrXhfDln352qtiFZz%2F7YBmL8o2qETaDD5iNyrsAbXalLOSWv71Tv7iTXvoC06a89KJLjcXAEt6yM7XHQ%3D%3D","environmentVariables":{"FIREBASE_CONFIG":"{\"projectId\":\"academia-app-5cf79\",\"storageBucket\":\"academia-app-5cf79.firebasestorage.app\"}","GCLOUD_PROJECT":"academia-app-5cf79","EVENTARC_CLOUD_EVENT_SOURCE":"projects/academia-app-5cf79/locations/us-central1/functions/setUserClaims"},"runtime":"nodejs18","buildId":"a682bc79-4e01-467f-849b-d8865815eb88","buildEnvironmentVariables":{"GOOGLE_NODE_RUN_SCRIPTS":""},"buildName":"projects/377489252583/locations/us-central1/builds/a682bc79-4e01-467f-849b-d8865815eb88","dockerRegistry":"ARTIFACT_REGISTRY","automaticUpdatePolicy":{},"buildServiceAccount":"projects/academia-app-5cf79/serviceAccounts/377489252583-compute@developer.gserviceaccount.com"},"versionId":"4","updateTime":"2025-09-17T17:26:31Z"}}
[debug] [2025-09-17T17:26:32.357Z] <<< [apiv2][status] GET https://cloudfunctions.googleapis.com/v1/operations/cHJvamVjdHMvYWNhZGVtaWEtYXBwLTVjZjc5L2xvY2F0aW9ucy91cy1jZW50cmFsMS9vcGVyYXRpb25zL29wZXJhdGlvbi0xNzU4MTI5OTkxNDQ4LTYzZjAyODk5YmY3MWYtYTQ4MGY5NWItMzE4NDRiNWE 200
[debug] [2025-09-17T17:26:32.358Z] <<< [apiv2][body] GET https://cloudfunctions.googleapis.com/v1/operations/cHJvamVjdHMvYWNhZGVtaWEtYXBwLTVjZjc5L2xvY2F0aW9ucy91cy1jZW50cmFsMS9vcGVyYXRpb25zL29wZXJhdGlvbi0xNzU4MTI5OTkxNDQ4LTYzZjAyODk5YmY3MWYtYTQ4MGY5NWItMzE4NDRiNWE {"name":"operations/cHJvamVjdHMvYWNhZGVtaWEtYXBwLTVjZjc5L2xvY2F0aW9ucy91cy1jZW50cmFsMS9vcGVyYXRpb25zL29wZXJhdGlvbi0xNzU4MTI5OTkxNDQ4LTYzZjAyODk5YmY3MWYtYTQ4MGY5NWItMzE4NDRiNWE","metadata":{"@type":"type.googleapis.com/google.cloud.functions.v1.OperationMetadataV1","target":"projects/academia-app-5cf79/locations/us-central1/functions/fixUserClaims","type":"DELETE_FUNCTION","request":{"@type":"type.googleapis.com/google.cloud.functions.v1.CloudFunction","name":"projects/academia-app-5cf79/locations/us-central1/functions/fixUserClaims","httpsTrigger":{},"updateTime":"1970-01-01T00:00:00Z"},"updateTime":"2025-09-17T17:26:31.505373341Z"}}
[debug] [2025-09-17T17:26:32.645Z] [update-default-us-central1-setUserClaims] Retrying task index 0
[debug] [2025-09-17T17:26:32.645Z] Checked if tokens are valid: true, expires at: 1758133564440
[debug] [2025-09-17T17:26:32.645Z] Checked if tokens are valid: true, expires at: 1758133564440
[debug] [2025-09-17T17:26:32.645Z] >>> [apiv2][query] GET https://cloudfunctions.googleapis.com/v1/operations/YWNhZGVtaWEtYXBwLTVjZjc5L3VzLWNlbnRyYWwxL3NldFVzZXJDbGFpbXMvNDBEY2dUZmNlcVU [none]
[debug] [2025-09-17T17:26:32.858Z] [delete-default-us-central1-fixUserClaims] Retrying task index 0
[debug] [2025-09-17T17:26:32.858Z] Checked if tokens are valid: true, expires at: 1758133564440
[debug] [2025-09-17T17:26:32.858Z] Checked if tokens are valid: true, expires at: 1758133564440
[debug] [2025-09-17T17:26:32.858Z] >>> [apiv2][query] GET https://cloudfunctions.googleapis.com/v1/operations/cHJvamVjdHMvYWNhZGVtaWEtYXBwLTVjZjc5L2xvY2F0aW9ucy91cy1jZW50cmFsMS9vcGVyYXRpb25zL29wZXJhdGlvbi0xNzU4MTI5OTkxNDQ4LTYzZjAyODk5YmY3MWYtYTQ4MGY5NWItMzE4NDRiNWE [none]
[debug] [2025-09-17T17:26:32.997Z] <<< [apiv2][status] GET https://cloudfunctions.googleapis.com/v1/operations/YWNhZGVtaWEtYXBwLTVjZjc5L3VzLWNlbnRyYWwxL3NldFVzZXJDbGFpbXMvNDBEY2dUZmNlcVU 200
[debug] [2025-09-17T17:26:32.997Z] <<< [apiv2][body] GET https://cloudfunctions.googleapis.com/v1/operations/YWNhZGVtaWEtYXBwLTVjZjc5L3VzLWNlbnRyYWwxL3NldFVzZXJDbGFpbXMvNDBEY2dUZmNlcVU {"name":"operations/YWNhZGVtaWEtYXBwLTVjZjc5L3VzLWNlbnRyYWwxL3NldFVzZXJDbGFpbXMvNDBEY2dUZmNlcVU","metadata":{"@type":"type.googleapis.com/google.cloud.functions.v1.OperationMetadataV1","target":"projects/academia-app-5cf79/locations/us-central1/functions/setUserClaims","type":"UPDATE_FUNCTION","request":{"@type":"type.googleapis.com/google.cloud.functions.v1.CloudFunction","name":"projects/academia-app-5cf79/locations/us-central1/functions/setUserClaims","eventTrigger":{"eventType":"providers/cloud.firestore/eventTypes/document.write","resource":"projects/academia-app-5cf79/databases/(default)/documents/users/{userId}","service":"firestore.googleapis.com"},"status":"ACTIVE","entryPoint":"setUserClaims","updateTime":"2025-09-17T13:08:54.161Z","versionId":"3","labels":{"deployment-tool":"cli-firebase","firebase-functions-hash":"6669d6ebcda586b135756434c7c69fc0bf8ecb8a"},"sourceUploadUrl":"https://storage.googleapis.com/uploads-315939727887.us-central1.cloudfunctions.appspot.com/605d910d-8163-4b71-a4ec-8c8736c71a27.zip?GoogleAccessId=service-377489252583@gcf-admin-robot.iam.gserviceaccount.com&Expires=1758131779&Signature=WzeDfZXxuV0QgowFvV4Yq%2BIxhLRZG%2B7Kk2oz4EJuaA5rHocOP4Zl5X7PB8ZaRgypXHsITKfxfmw3eZzxvfMoMAEfFTqzrMLjTDBqX4Za23HcuePBoOzOT9kgoatXkavaFmdOup4gDXzLCkmdfict3Mu11NZ7zW1dAexk0uhZapiE3DugpsrHv2D26eGZdBhcYBWRDqG6Ss7chrUUY%2BebXNsMVPsIUlcppjic0GSb4AsSeSbMUJL4MG5z2St2NUSk5%2FzMXbSrXhfDln352qtiFZz%2F7YBmL8o2qETaDD5iNyrsAbXalLOSWv71Tv7iTXvoC06a89KJLjcXAEt6yM7XHQ%3D%3D","environmentVariables":{"FIREBASE_CONFIG":"{\"projectId\":\"academia-app-5cf79\",\"storageBucket\":\"academia-app-5cf79.firebasestorage.app\"}","GCLOUD_PROJECT":"academia-app-5cf79","EVENTARC_CLOUD_EVENT_SOURCE":"projects/academia-app-5cf79/locations/us-central1/functions/setUserClaims"},"runtime":"nodejs18","buildId":"a682bc79-4e01-467f-849b-d8865815eb88","buildEnvironmentVariables":{"GOOGLE_NODE_RUN_SCRIPTS":""},"buildName":"projects/377489252583/locations/us-central1/builds/a682bc79-4e01-467f-849b-d8865815eb88","dockerRegistry":"ARTIFACT_REGISTRY","automaticUpdatePolicy":{},"buildServiceAccount":"projects/academia-app-5cf79/serviceAccounts/377489252583-compute@developer.gserviceaccount.com"},"versionId":"4","updateTime":"2025-09-17T17:26:31Z","buildId":"36dce674-eab5-4b2c-9fcc-e09fb6cec659","buildName":"projects/377489252583/locations/us-central1/builds/36dce674-eab5-4b2c-9fcc-e09fb6cec659"}}
[debug] [2025-09-17T17:26:33.451Z] <<< [apiv2][status] GET https://cloudfunctions.googleapis.com/v1/operations/cHJvamVjdHMvYWNhZGVtaWEtYXBwLTVjZjc5L2xvY2F0aW9ucy91cy1jZW50cmFsMS9vcGVyYXRpb25zL29wZXJhdGlvbi0xNzU4MTI5OTkxNDQ4LTYzZjAyODk5YmY3MWYtYTQ4MGY5NWItMzE4NDRiNWE 200
[debug] [2025-09-17T17:26:33.451Z] <<< [apiv2][body] GET https://cloudfunctions.googleapis.com/v1/operations/cHJvamVjdHMvYWNhZGVtaWEtYXBwLTVjZjc5L2xvY2F0aW9ucy91cy1jZW50cmFsMS9vcGVyYXRpb25zL29wZXJhdGlvbi0xNzU4MTI5OTkxNDQ4LTYzZjAyODk5YmY3MWYtYTQ4MGY5NWItMzE4NDRiNWE {"name":"operations/cHJvamVjdHMvYWNhZGVtaWEtYXBwLTVjZjc5L2xvY2F0aW9ucy91cy1jZW50cmFsMS9vcGVyYXRpb25zL29wZXJhdGlvbi0xNzU4MTI5OTkxNDQ4LTYzZjAyODk5YmY3MWYtYTQ4MGY5NWItMzE4NDRiNWE","metadata":{"@type":"type.googleapis.com/google.cloud.functions.v1.OperationMetadataV1","target":"projects/academia-app-5cf79/locations/us-central1/functions/fixUserClaims","type":"DELETE_FUNCTION","request":{"@type":"type.googleapis.com/google.cloud.functions.v1.CloudFunction","name":"projects/academia-app-5cf79/locations/us-central1/functions/fixUserClaims","httpsTrigger":{},"updateTime":"1970-01-01T00:00:00Z"},"updateTime":"2025-09-17T17:26:31.505373341Z"}}
[debug] [2025-09-17T17:26:33.999Z] [update-default-us-central1-setUserClaims] Retrying task index 0
[debug] [2025-09-17T17:26:33.999Z] Checked if tokens are valid: true, expires at: 1758133564440
[debug] [2025-09-17T17:26:34.000Z] Checked if tokens are valid: true, expires at: 1758133564440
[debug] [2025-09-17T17:26:34.000Z] >>> [apiv2][query] GET https://cloudfunctions.googleapis.com/v1/operations/YWNhZGVtaWEtYXBwLTVjZjc5L3VzLWNlbnRyYWwxL3NldFVzZXJDbGFpbXMvNDBEY2dUZmNlcVU [none]
[debug] [2025-09-17T17:26:34.452Z] [delete-default-us-central1-fixUserClaims] Retrying task index 0
[debug] [2025-09-17T17:26:34.453Z] Checked if tokens are valid: true, expires at: 1758133564440
[debug] [2025-09-17T17:26:34.453Z] Checked if tokens are valid: true, expires at: 1758133564440
[debug] [2025-09-17T17:26:34.453Z] >>> [apiv2][query] GET https://cloudfunctions.googleapis.com/v1/operations/cHJvamVjdHMvYWNhZGVtaWEtYXBwLTVjZjc5L2xvY2F0aW9ucy91cy1jZW50cmFsMS9vcGVyYXRpb25zL29wZXJhdGlvbi0xNzU4MTI5OTkxNDQ4LTYzZjAyODk5YmY3MWYtYTQ4MGY5NWItMzE4NDRiNWE [none]
[debug] [2025-09-17T17:26:34.586Z] <<< [apiv2][status] GET https://cloudfunctions.googleapis.com/v1/operations/YWNhZGVtaWEtYXBwLTVjZjc5L3VzLWNlbnRyYWwxL3NldFVzZXJDbGFpbXMvNDBEY2dUZmNlcVU 200
[debug] [2025-09-17T17:26:34.586Z] <<< [apiv2][body] GET https://cloudfunctions.googleapis.com/v1/operations/YWNhZGVtaWEtYXBwLTVjZjc5L3VzLWNlbnRyYWwxL3NldFVzZXJDbGFpbXMvNDBEY2dUZmNlcVU {"name":"operations/YWNhZGVtaWEtYXBwLTVjZjc5L3VzLWNlbnRyYWwxL3NldFVzZXJDbGFpbXMvNDBEY2dUZmNlcVU","metadata":{"@type":"type.googleapis.com/google.cloud.functions.v1.OperationMetadataV1","target":"projects/academia-app-5cf79/locations/us-central1/functions/setUserClaims","type":"UPDATE_FUNCTION","request":{"@type":"type.googleapis.com/google.cloud.functions.v1.CloudFunction","name":"projects/academia-app-5cf79/locations/us-central1/functions/setUserClaims","eventTrigger":{"eventType":"providers/cloud.firestore/eventTypes/document.write","resource":"projects/academia-app-5cf79/databases/(default)/documents/users/{userId}","service":"firestore.googleapis.com"},"status":"ACTIVE","entryPoint":"setUserClaims","updateTime":"2025-09-17T13:08:54.161Z","versionId":"3","labels":{"deployment-tool":"cli-firebase","firebase-functions-hash":"6669d6ebcda586b135756434c7c69fc0bf8ecb8a"},"sourceUploadUrl":"https://storage.googleapis.com/uploads-315939727887.us-central1.cloudfunctions.appspot.com/605d910d-8163-4b71-a4ec-8c8736c71a27.zip?GoogleAccessId=service-377489252583@gcf-admin-robot.iam.gserviceaccount.com&Expires=1758131779&Signature=WzeDfZXxuV0QgowFvV4Yq%2BIxhLRZG%2B7Kk2oz4EJuaA5rHocOP4Zl5X7PB8ZaRgypXHsITKfxfmw3eZzxvfMoMAEfFTqzrMLjTDBqX4Za23HcuePBoOzOT9kgoatXkavaFmdOup4gDXzLCkmdfict3Mu11NZ7zW1dAexk0uhZapiE3DugpsrHv2D26eGZdBhcYBWRDqG6Ss7chrUUY%2BebXNsMVPsIUlcppjic0GSb4AsSeSbMUJL4MG5z2St2NUSk5%2FzMXbSrXhfDln352qtiFZz%2F7YBmL8o2qETaDD5iNyrsAbXalLOSWv71Tv7iTXvoC06a89KJLjcXAEt6yM7XHQ%3D%3D","environmentVariables":{"FIREBASE_CONFIG":"{\"projectId\":\"academia-app-5cf79\",\"storageBucket\":\"academia-app-5cf79.firebasestorage.app\"}","GCLOUD_PROJECT":"academia-app-5cf79","EVENTARC_CLOUD_EVENT_SOURCE":"projects/academia-app-5cf79/locations/us-central1/functions/setUserClaims"},"runtime":"nodejs18","buildId":"a682bc79-4e01-467f-849b-d8865815eb88","buildEnvironmentVariables":{"GOOGLE_NODE_RUN_SCRIPTS":""},"buildName":"projects/377489252583/locations/us-central1/builds/a682bc79-4e01-467f-849b-d8865815eb88","dockerRegistry":"ARTIFACT_REGISTRY","automaticUpdatePolicy":{},"buildServiceAccount":"projects/academia-app-5cf79/serviceAccounts/377489252583-compute@developer.gserviceaccount.com"},"versionId":"4","updateTime":"2025-09-17T17:26:31Z","buildId":"36dce674-eab5-4b2c-9fcc-e09fb6cec659","buildName":"projects/377489252583/locations/us-central1/builds/36dce674-eab5-4b2c-9fcc-e09fb6cec659"}}
[debug] [2025-09-17T17:26:35.040Z] <<< [apiv2][status] GET https://cloudfunctions.googleapis.com/v1/operations/cHJvamVjdHMvYWNhZGVtaWEtYXBwLTVjZjc5L2xvY2F0aW9ucy91cy1jZW50cmFsMS9vcGVyYXRpb25zL29wZXJhdGlvbi0xNzU4MTI5OTkxNDQ4LTYzZjAyODk5YmY3MWYtYTQ4MGY5NWItMzE4NDRiNWE 200
[debug] [2025-09-17T17:26:35.040Z] <<< [apiv2][body] GET https://cloudfunctions.googleapis.com/v1/operations/cHJvamVjdHMvYWNhZGVtaWEtYXBwLTVjZjc5L2xvY2F0aW9ucy91cy1jZW50cmFsMS9vcGVyYXRpb25zL29wZXJhdGlvbi0xNzU4MTI5OTkxNDQ4LTYzZjAyODk5YmY3MWYtYTQ4MGY5NWItMzE4NDRiNWE {"name":"operations/cHJvamVjdHMvYWNhZGVtaWEtYXBwLTVjZjc5L2xvY2F0aW9ucy91cy1jZW50cmFsMS9vcGVyYXRpb25zL29wZXJhdGlvbi0xNzU4MTI5OTkxNDQ4LTYzZjAyODk5YmY3MWYtYTQ4MGY5NWItMzE4NDRiNWE","metadata":{"@type":"type.googleapis.com/google.cloud.functions.v1.OperationMetadataV1","target":"projects/academia-app-5cf79/locations/us-central1/functions/fixUserClaims","type":"DELETE_FUNCTION","request":{"@type":"type.googleapis.com/google.cloud.functions.v1.CloudFunction","name":"projects/academia-app-5cf79/locations/us-central1/functions/fixUserClaims","httpsTrigger":{},"updateTime":"1970-01-01T00:00:00Z"},"updateTime":"2025-09-17T17:26:31.505373341Z"}}
[debug] [2025-09-17T17:26:36.587Z] [update-default-us-central1-setUserClaims] Retrying task index 0
[debug] [2025-09-17T17:26:36.588Z] Checked if tokens are valid: true, expires at: 1758133564440
[debug] [2025-09-17T17:26:36.588Z] Checked if tokens are valid: true, expires at: 1758133564440
[debug] [2025-09-17T17:26:36.588Z] >>> [apiv2][query] GET https://cloudfunctions.googleapis.com/v1/operations/YWNhZGVtaWEtYXBwLTVjZjc5L3VzLWNlbnRyYWwxL3NldFVzZXJDbGFpbXMvNDBEY2dUZmNlcVU [none]
[debug] [2025-09-17T17:26:37.041Z] [delete-default-us-central1-fixUserClaims] Retrying task index 0
[debug] [2025-09-17T17:26:37.042Z] Checked if tokens are valid: true, expires at: 1758133564440
[debug] [2025-09-17T17:26:37.042Z] Checked if tokens are valid: true, expires at: 1758133564440
[debug] [2025-09-17T17:26:37.042Z] >>> [apiv2][query] GET https://cloudfunctions.googleapis.com/v1/operations/cHJvamVjdHMvYWNhZGVtaWEtYXBwLTVjZjc5L2xvY2F0aW9ucy91cy1jZW50cmFsMS9vcGVyYXRpb25zL29wZXJhdGlvbi0xNzU4MTI5OTkxNDQ4LTYzZjAyODk5YmY3MWYtYTQ4MGY5NWItMzE4NDRiNWE [none]
[debug] [2025-09-17T17:26:37.191Z] <<< [apiv2][status] GET https://cloudfunctions.googleapis.com/v1/operations/YWNhZGVtaWEtYXBwLTVjZjc5L3VzLWNlbnRyYWwxL3NldFVzZXJDbGFpbXMvNDBEY2dUZmNlcVU 200
[debug] [2025-09-17T17:26:37.191Z] <<< [apiv2][body] GET https://cloudfunctions.googleapis.com/v1/operations/YWNhZGVtaWEtYXBwLTVjZjc5L3VzLWNlbnRyYWwxL3NldFVzZXJDbGFpbXMvNDBEY2dUZmNlcVU {"name":"operations/YWNhZGVtaWEtYXBwLTVjZjc5L3VzLWNlbnRyYWwxL3NldFVzZXJDbGFpbXMvNDBEY2dUZmNlcVU","metadata":{"@type":"type.googleapis.com/google.cloud.functions.v1.OperationMetadataV1","target":"projects/academia-app-5cf79/locations/us-central1/functions/setUserClaims","type":"UPDATE_FUNCTION","request":{"@type":"type.googleapis.com/google.cloud.functions.v1.CloudFunction","name":"projects/academia-app-5cf79/locations/us-central1/functions/setUserClaims","eventTrigger":{"eventType":"providers/cloud.firestore/eventTypes/document.write","resource":"projects/academia-app-5cf79/databases/(default)/documents/users/{userId}","service":"firestore.googleapis.com"},"status":"ACTIVE","entryPoint":"setUserClaims","updateTime":"2025-09-17T13:08:54.161Z","versionId":"3","labels":{"deployment-tool":"cli-firebase","firebase-functions-hash":"6669d6ebcda586b135756434c7c69fc0bf8ecb8a"},"sourceUploadUrl":"https://storage.googleapis.com/uploads-315939727887.us-central1.cloudfunctions.appspot.com/605d910d-8163-4b71-a4ec-8c8736c71a27.zip?GoogleAccessId=service-377489252583@gcf-admin-robot.iam.gserviceaccount.com&Expires=1758131779&Signature=WzeDfZXxuV0QgowFvV4Yq%2BIxhLRZG%2B7Kk2oz4EJuaA5rHocOP4Zl5X7PB8ZaRgypXHsITKfxfmw3eZzxvfMoMAEfFTqzrMLjTDBqX4Za23HcuePBoOzOT9kgoatXkavaFmdOup4gDXzLCkmdfict3Mu11NZ7zW1dAexk0uhZapiE3DugpsrHv2D26eGZdBhcYBWRDqG6Ss7chrUUY%2BebXNsMVPsIUlcppjic0GSb4AsSeSbMUJL4MG5z2St2NUSk5%2FzMXbSrXhfDln352qtiFZz%2F7YBmL8o2qETaDD5iNyrsAbXalLOSWv71Tv7iTXvoC06a89KJLjcXAEt6yM7XHQ%3D%3D","environmentVariables":{"FIREBASE_CONFIG":"{\"projectId\":\"academia-app-5cf79\",\"storageBucket\":\"academia-app-5cf79.firebasestorage.app\"}","GCLOUD_PROJECT":"academia-app-5cf79","EVENTARC_CLOUD_EVENT_SOURCE":"projects/academia-app-5cf79/locations/us-central1/functions/setUserClaims"},"runtime":"nodejs18","buildId":"a682bc79-4e01-467f-849b-d8865815eb88","buildEnvironmentVariables":{"GOOGLE_NODE_RUN_SCRIPTS":""},"buildName":"projects/377489252583/locations/us-central1/builds/a682bc79-4e01-467f-849b-d8865815eb88","dockerRegistry":"ARTIFACT_REGISTRY","automaticUpdatePolicy":{},"buildServiceAccount":"projects/academia-app-5cf79/serviceAccounts/377489252583-compute@developer.gserviceaccount.com"},"versionId":"4","updateTime":"2025-09-17T17:26:31Z","buildId":"36dce674-eab5-4b2c-9fcc-e09fb6cec659","buildName":"projects/377489252583/locations/us-central1/builds/36dce674-eab5-4b2c-9fcc-e09fb6cec659"}}
[debug] [2025-09-17T17:26:37.635Z] <<< [apiv2][status] GET https://cloudfunctions.googleapis.com/v1/operations/cHJvamVjdHMvYWNhZGVtaWEtYXBwLTVjZjc5L2xvY2F0aW9ucy91cy1jZW50cmFsMS9vcGVyYXRpb25zL29wZXJhdGlvbi0xNzU4MTI5OTkxNDQ4LTYzZjAyODk5YmY3MWYtYTQ4MGY5NWItMzE4NDRiNWE 200
[debug] [2025-09-17T17:26:37.635Z] <<< [apiv2][body] GET https://cloudfunctions.googleapis.com/v1/operations/cHJvamVjdHMvYWNhZGVtaWEtYXBwLTVjZjc5L2xvY2F0aW9ucy91cy1jZW50cmFsMS9vcGVyYXRpb25zL29wZXJhdGlvbi0xNzU4MTI5OTkxNDQ4LTYzZjAyODk5YmY3MWYtYTQ4MGY5NWItMzE4NDRiNWE {"name":"operations/cHJvamVjdHMvYWNhZGVtaWEtYXBwLTVjZjc5L2xvY2F0aW9ucy91cy1jZW50cmFsMS9vcGVyYXRpb25zL29wZXJhdGlvbi0xNzU4MTI5OTkxNDQ4LTYzZjAyODk5YmY3MWYtYTQ4MGY5NWItMzE4NDRiNWE","metadata":{"@type":"type.googleapis.com/google.cloud.functions.v1.OperationMetadataV1","target":"projects/academia-app-5cf79/locations/us-central1/functions/fixUserClaims","type":"DELETE_FUNCTION","request":{"@type":"type.googleapis.com/google.cloud.functions.v1.CloudFunction","name":"projects/academia-app-5cf79/locations/us-central1/functions/fixUserClaims","httpsTrigger":{},"updateTime":"1970-01-01T00:00:00Z"},"updateTime":"2025-09-17T17:26:36.350996161Z"},"done":true}
[info] ✔  functions[fixUserClaims(us-central1)] Successful delete operation. 
[debug] [2025-09-17T17:26:41.193Z] [update-default-us-central1-setUserClaims] Retrying task index 0
[debug] [2025-09-17T17:26:41.193Z] Checked if tokens are valid: true, expires at: 1758133564440
[debug] [2025-09-17T17:26:41.193Z] Checked if tokens are valid: true, expires at: 1758133564440
[debug] [2025-09-17T17:26:41.194Z] >>> [apiv2][query] GET https://cloudfunctions.googleapis.com/v1/operations/YWNhZGVtaWEtYXBwLTVjZjc5L3VzLWNlbnRyYWwxL3NldFVzZXJDbGFpbXMvNDBEY2dUZmNlcVU [none]
[debug] [2025-09-17T17:26:41.772Z] <<< [apiv2][status] GET https://cloudfunctions.googleapis.com/v1/operations/YWNhZGVtaWEtYXBwLTVjZjc5L3VzLWNlbnRyYWwxL3NldFVzZXJDbGFpbXMvNDBEY2dUZmNlcVU 200
[debug] [2025-09-17T17:26:41.772Z] <<< [apiv2][body] GET https://cloudfunctions.googleapis.com/v1/operations/YWNhZGVtaWEtYXBwLTVjZjc5L3VzLWNlbnRyYWwxL3NldFVzZXJDbGFpbXMvNDBEY2dUZmNlcVU {"name":"operations/YWNhZGVtaWEtYXBwLTVjZjc5L3VzLWNlbnRyYWwxL3NldFVzZXJDbGFpbXMvNDBEY2dUZmNlcVU","metadata":{"@type":"type.googleapis.com/google.cloud.functions.v1.OperationMetadataV1","target":"projects/academia-app-5cf79/locations/us-central1/functions/setUserClaims","type":"UPDATE_FUNCTION","request":{"@type":"type.googleapis.com/google.cloud.functions.v1.CloudFunction","name":"projects/academia-app-5cf79/locations/us-central1/functions/setUserClaims","eventTrigger":{"eventType":"providers/cloud.firestore/eventTypes/document.write","resource":"projects/academia-app-5cf79/databases/(default)/documents/users/{userId}","service":"firestore.googleapis.com"},"status":"ACTIVE","entryPoint":"setUserClaims","updateTime":"2025-09-17T13:08:54.161Z","versionId":"3","labels":{"deployment-tool":"cli-firebase","firebase-functions-hash":"6669d6ebcda586b135756434c7c69fc0bf8ecb8a"},"sourceUploadUrl":"https://storage.googleapis.com/uploads-315939727887.us-central1.cloudfunctions.appspot.com/605d910d-8163-4b71-a4ec-8c8736c71a27.zip?GoogleAccessId=service-377489252583@gcf-admin-robot.iam.gserviceaccount.com&Expires=1758131779&Signature=WzeDfZXxuV0QgowFvV4Yq%2BIxhLRZG%2B7Kk2oz4EJuaA5rHocOP4Zl5X7PB8ZaRgypXHsITKfxfmw3eZzxvfMoMAEfFTqzrMLjTDBqX4Za23HcuePBoOzOT9kgoatXkavaFmdOup4gDXzLCkmdfict3Mu11NZ7zW1dAexk0uhZapiE3DugpsrHv2D26eGZdBhcYBWRDqG6Ss7chrUUY%2BebXNsMVPsIUlcppjic0GSb4AsSeSbMUJL4MG5z2St2NUSk5%2FzMXbSrXhfDln352qtiFZz%2F7YBmL8o2qETaDD5iNyrsAbXalLOSWv71Tv7iTXvoC06a89KJLjcXAEt6yM7XHQ%3D%3D","environmentVariables":{"FIREBASE_CONFIG":"{\"projectId\":\"academia-app-5cf79\",\"storageBucket\":\"academia-app-5cf79.firebasestorage.app\"}","GCLOUD_PROJECT":"academia-app-5cf79","EVENTARC_CLOUD_EVENT_SOURCE":"projects/academia-app-5cf79/locations/us-central1/functions/setUserClaims"},"runtime":"nodejs18","buildId":"a682bc79-4e01-467f-849b-d8865815eb88","buildEnvironmentVariables":{"GOOGLE_NODE_RUN_SCRIPTS":""},"buildName":"projects/377489252583/locations/us-central1/builds/a682bc79-4e01-467f-849b-d8865815eb88","dockerRegistry":"ARTIFACT_REGISTRY","automaticUpdatePolicy":{},"buildServiceAccount":"projects/academia-app-5cf79/serviceAccounts/377489252583-compute@developer.gserviceaccount.com"},"versionId":"4","updateTime":"2025-09-17T17:26:31Z","buildId":"36dce674-eab5-4b2c-9fcc-e09fb6cec659","buildName":"projects/377489252583/locations/us-central1/builds/36dce674-eab5-4b2c-9fcc-e09fb6cec659"}}
[debug] [2025-09-17T17:26:49.774Z] [update-default-us-central1-setUserClaims] Retrying task index 0
[debug] [2025-09-17T17:26:49.775Z] Checked if tokens are valid: true, expires at: 1758133564440
[debug] [2025-09-17T17:26:49.775Z] Checked if tokens are valid: true, expires at: 1758133564440
[debug] [2025-09-17T17:26:49.775Z] >>> [apiv2][query] GET https://cloudfunctions.googleapis.com/v1/operations/YWNhZGVtaWEtYXBwLTVjZjc5L3VzLWNlbnRyYWwxL3NldFVzZXJDbGFpbXMvNDBEY2dUZmNlcVU [none]
[debug] [2025-09-17T17:26:50.498Z] <<< [apiv2][status] GET https://cloudfunctions.googleapis.com/v1/operations/YWNhZGVtaWEtYXBwLTVjZjc5L3VzLWNlbnRyYWwxL3NldFVzZXJDbGFpbXMvNDBEY2dUZmNlcVU 200
[debug] [2025-09-17T17:26:50.499Z] <<< [apiv2][body] GET https://cloudfunctions.googleapis.com/v1/operations/YWNhZGVtaWEtYXBwLTVjZjc5L3VzLWNlbnRyYWwxL3NldFVzZXJDbGFpbXMvNDBEY2dUZmNlcVU {"name":"operations/YWNhZGVtaWEtYXBwLTVjZjc5L3VzLWNlbnRyYWwxL3NldFVzZXJDbGFpbXMvNDBEY2dUZmNlcVU","metadata":{"@type":"type.googleapis.com/google.cloud.functions.v1.OperationMetadataV1","target":"projects/academia-app-5cf79/locations/us-central1/functions/setUserClaims","type":"UPDATE_FUNCTION","request":{"@type":"type.googleapis.com/google.cloud.functions.v1.CloudFunction","name":"projects/academia-app-5cf79/locations/us-central1/functions/setUserClaims","eventTrigger":{"eventType":"providers/cloud.firestore/eventTypes/document.write","resource":"projects/academia-app-5cf79/databases/(default)/documents/users/{userId}","service":"firestore.googleapis.com"},"status":"ACTIVE","entryPoint":"setUserClaims","updateTime":"2025-09-17T13:08:54.161Z","versionId":"3","labels":{"deployment-tool":"cli-firebase","firebase-functions-hash":"6669d6ebcda586b135756434c7c69fc0bf8ecb8a"},"sourceUploadUrl":"https://storage.googleapis.com/uploads-315939727887.us-central1.cloudfunctions.appspot.com/605d910d-8163-4b71-a4ec-8c8736c71a27.zip?GoogleAccessId=service-377489252583@gcf-admin-robot.iam.gserviceaccount.com&Expires=1758131779&Signature=WzeDfZXxuV0QgowFvV4Yq%2BIxhLRZG%2B7Kk2oz4EJuaA5rHocOP4Zl5X7PB8ZaRgypXHsITKfxfmw3eZzxvfMoMAEfFTqzrMLjTDBqX4Za23HcuePBoOzOT9kgoatXkavaFmdOup4gDXzLCkmdfict3Mu11NZ7zW1dAexk0uhZapiE3DugpsrHv2D26eGZdBhcYBWRDqG6Ss7chrUUY%2BebXNsMVPsIUlcppjic0GSb4AsSeSbMUJL4MG5z2St2NUSk5%2FzMXbSrXhfDln352qtiFZz%2F7YBmL8o2qETaDD5iNyrsAbXalLOSWv71Tv7iTXvoC06a89KJLjcXAEt6yM7XHQ%3D%3D","environmentVariables":{"FIREBASE_CONFIG":"{\"projectId\":\"academia-app-5cf79\",\"storageBucket\":\"academia-app-5cf79.firebasestorage.app\"}","GCLOUD_PROJECT":"academia-app-5cf79","EVENTARC_CLOUD_EVENT_SOURCE":"projects/academia-app-5cf79/locations/us-central1/functions/setUserClaims"},"runtime":"nodejs18","buildId":"a682bc79-4e01-467f-849b-d8865815eb88","buildEnvironmentVariables":{"GOOGLE_NODE_RUN_SCRIPTS":""},"buildName":"projects/377489252583/locations/us-central1/builds/a682bc79-4e01-467f-849b-d8865815eb88","dockerRegistry":"ARTIFACT_REGISTRY","automaticUpdatePolicy":{},"buildServiceAccount":"projects/academia-app-5cf79/serviceAccounts/377489252583-compute@developer.gserviceaccount.com"},"versionId":"4","updateTime":"2025-09-17T17:26:31Z","buildId":"36dce674-eab5-4b2c-9fcc-e09fb6cec659","buildName":"projects/377489252583/locations/us-central1/builds/36dce674-eab5-4b2c-9fcc-e09fb6cec659"}}
[debug] [2025-09-17T17:27:00.503Z] [update-default-us-central1-setUserClaims] Retrying task index 0
[debug] [2025-09-17T17:27:00.504Z] Checked if tokens are valid: true, expires at: 1758133564440
[debug] [2025-09-17T17:27:00.504Z] Checked if tokens are valid: true, expires at: 1758133564440
[debug] [2025-09-17T17:27:00.504Z] >>> [apiv2][query] GET https://cloudfunctions.googleapis.com/v1/operations/YWNhZGVtaWEtYXBwLTVjZjc5L3VzLWNlbnRyYWwxL3NldFVzZXJDbGFpbXMvNDBEY2dUZmNlcVU [none]
[debug] [2025-09-17T17:27:01.261Z] <<< [apiv2][status] GET https://cloudfunctions.googleapis.com/v1/operations/YWNhZGVtaWEtYXBwLTVjZjc5L3VzLWNlbnRyYWwxL3NldFVzZXJDbGFpbXMvNDBEY2dUZmNlcVU 200
[debug] [2025-09-17T17:27:01.262Z] <<< [apiv2][body] GET https://cloudfunctions.googleapis.com/v1/operations/YWNhZGVtaWEtYXBwLTVjZjc5L3VzLWNlbnRyYWwxL3NldFVzZXJDbGFpbXMvNDBEY2dUZmNlcVU {"name":"operations/YWNhZGVtaWEtYXBwLTVjZjc5L3VzLWNlbnRyYWwxL3NldFVzZXJDbGFpbXMvNDBEY2dUZmNlcVU","metadata":{"@type":"type.googleapis.com/google.cloud.functions.v1.OperationMetadataV1","target":"projects/academia-app-5cf79/locations/us-central1/functions/setUserClaims","type":"UPDATE_FUNCTION","request":{"@type":"type.googleapis.com/google.cloud.functions.v1.CloudFunction","name":"projects/academia-app-5cf79/locations/us-central1/functions/setUserClaims","eventTrigger":{"eventType":"providers/cloud.firestore/eventTypes/document.write","resource":"projects/academia-app-5cf79/databases/(default)/documents/users/{userId}","service":"firestore.googleapis.com"},"status":"ACTIVE","entryPoint":"setUserClaims","updateTime":"2025-09-17T13:08:54.161Z","versionId":"3","labels":{"deployment-tool":"cli-firebase","firebase-functions-hash":"6669d6ebcda586b135756434c7c69fc0bf8ecb8a"},"sourceUploadUrl":"https://storage.googleapis.com/uploads-315939727887.us-central1.cloudfunctions.appspot.com/605d910d-8163-4b71-a4ec-8c8736c71a27.zip?GoogleAccessId=service-377489252583@gcf-admin-robot.iam.gserviceaccount.com&Expires=1758131779&Signature=WzeDfZXxuV0QgowFvV4Yq%2BIxhLRZG%2B7Kk2oz4EJuaA5rHocOP4Zl5X7PB8ZaRgypXHsITKfxfmw3eZzxvfMoMAEfFTqzrMLjTDBqX4Za23HcuePBoOzOT9kgoatXkavaFmdOup4gDXzLCkmdfict3Mu11NZ7zW1dAexk0uhZapiE3DugpsrHv2D26eGZdBhcYBWRDqG6Ss7chrUUY%2BebXNsMVPsIUlcppjic0GSb4AsSeSbMUJL4MG5z2St2NUSk5%2FzMXbSrXhfDln352qtiFZz%2F7YBmL8o2qETaDD5iNyrsAbXalLOSWv71Tv7iTXvoC06a89KJLjcXAEt6yM7XHQ%3D%3D","environmentVariables":{"FIREBASE_CONFIG":"{\"projectId\":\"academia-app-5cf79\",\"storageBucket\":\"academia-app-5cf79.firebasestorage.app\"}","GCLOUD_PROJECT":"academia-app-5cf79","EVENTARC_CLOUD_EVENT_SOURCE":"projects/academia-app-5cf79/locations/us-central1/functions/setUserClaims"},"runtime":"nodejs18","buildId":"a682bc79-4e01-467f-849b-d8865815eb88","buildEnvironmentVariables":{"GOOGLE_NODE_RUN_SCRIPTS":""},"buildName":"projects/377489252583/locations/us-central1/builds/a682bc79-4e01-467f-849b-d8865815eb88","dockerRegistry":"ARTIFACT_REGISTRY","automaticUpdatePolicy":{},"buildServiceAccount":"projects/academia-app-5cf79/serviceAccounts/377489252583-compute@developer.gserviceaccount.com"},"versionId":"4","updateTime":"2025-09-17T17:26:31Z","buildId":"36dce674-eab5-4b2c-9fcc-e09fb6cec659","buildName":"projects/377489252583/locations/us-central1/builds/36dce674-eab5-4b2c-9fcc-e09fb6cec659"}}
[debug] [2025-09-17T17:27:11.263Z] [update-default-us-central1-setUserClaims] Retrying task index 0
[debug] [2025-09-17T17:27:11.263Z] Checked if tokens are valid: true, expires at: 1758133564440
[debug] [2025-09-17T17:27:11.263Z] Checked if tokens are valid: true, expires at: 1758133564440
[debug] [2025-09-17T17:27:11.264Z] >>> [apiv2][query] GET https://cloudfunctions.googleapis.com/v1/operations/YWNhZGVtaWEtYXBwLTVjZjc5L3VzLWNlbnRyYWwxL3NldFVzZXJDbGFpbXMvNDBEY2dUZmNlcVU [none]
[debug] [2025-09-17T17:27:11.970Z] <<< [apiv2][status] GET https://cloudfunctions.googleapis.com/v1/operations/YWNhZGVtaWEtYXBwLTVjZjc5L3VzLWNlbnRyYWwxL3NldFVzZXJDbGFpbXMvNDBEY2dUZmNlcVU 200
[debug] [2025-09-17T17:27:11.970Z] <<< [apiv2][body] GET https://cloudfunctions.googleapis.com/v1/operations/YWNhZGVtaWEtYXBwLTVjZjc5L3VzLWNlbnRyYWwxL3NldFVzZXJDbGFpbXMvNDBEY2dUZmNlcVU {"name":"operations/YWNhZGVtaWEtYXBwLTVjZjc5L3VzLWNlbnRyYWwxL3NldFVzZXJDbGFpbXMvNDBEY2dUZmNlcVU","metadata":{"@type":"type.googleapis.com/google.cloud.functions.v1.OperationMetadataV1","target":"projects/academia-app-5cf79/locations/us-central1/functions/setUserClaims","type":"UPDATE_FUNCTION","request":{"@type":"type.googleapis.com/google.cloud.functions.v1.CloudFunction","name":"projects/academia-app-5cf79/locations/us-central1/functions/setUserClaims","eventTrigger":{"eventType":"providers/cloud.firestore/eventTypes/document.write","resource":"projects/academia-app-5cf79/databases/(default)/documents/users/{userId}","service":"firestore.googleapis.com"},"status":"ACTIVE","entryPoint":"setUserClaims","updateTime":"2025-09-17T13:08:54.161Z","versionId":"3","labels":{"deployment-tool":"cli-firebase","firebase-functions-hash":"6669d6ebcda586b135756434c7c69fc0bf8ecb8a"},"sourceUploadUrl":"https://storage.googleapis.com/uploads-315939727887.us-central1.cloudfunctions.appspot.com/605d910d-8163-4b71-a4ec-8c8736c71a27.zip?GoogleAccessId=service-377489252583@gcf-admin-robot.iam.gserviceaccount.com&Expires=1758131779&Signature=WzeDfZXxuV0QgowFvV4Yq%2BIxhLRZG%2B7Kk2oz4EJuaA5rHocOP4Zl5X7PB8ZaRgypXHsITKfxfmw3eZzxvfMoMAEfFTqzrMLjTDBqX4Za23HcuePBoOzOT9kgoatXkavaFmdOup4gDXzLCkmdfict3Mu11NZ7zW1dAexk0uhZapiE3DugpsrHv2D26eGZdBhcYBWRDqG6Ss7chrUUY%2BebXNsMVPsIUlcppjic0GSb4AsSeSbMUJL4MG5z2St2NUSk5%2FzMXbSrXhfDln352qtiFZz%2F7YBmL8o2qETaDD5iNyrsAbXalLOSWv71Tv7iTXvoC06a89KJLjcXAEt6yM7XHQ%3D%3D","environmentVariables":{"FIREBASE_CONFIG":"{\"projectId\":\"academia-app-5cf79\",\"storageBucket\":\"academia-app-5cf79.firebasestorage.app\"}","GCLOUD_PROJECT":"academia-app-5cf79","EVENTARC_CLOUD_EVENT_SOURCE":"projects/academia-app-5cf79/locations/us-central1/functions/setUserClaims"},"runtime":"nodejs18","buildId":"a682bc79-4e01-467f-849b-d8865815eb88","buildEnvironmentVariables":{"GOOGLE_NODE_RUN_SCRIPTS":""},"buildName":"projects/377489252583/locations/us-central1/builds/a682bc79-4e01-467f-849b-d8865815eb88","dockerRegistry":"ARTIFACT_REGISTRY","automaticUpdatePolicy":{},"buildServiceAccount":"projects/academia-app-5cf79/serviceAccounts/377489252583-compute@developer.gserviceaccount.com"},"versionId":"4","updateTime":"2025-09-17T17:26:31Z","buildId":"36dce674-eab5-4b2c-9fcc-e09fb6cec659","buildName":"projects/377489252583/locations/us-central1/builds/36dce674-eab5-4b2c-9fcc-e09fb6cec659"}}
